┌────────────────────────────┐
│ Edit - 2024-03-04 17:21:41 │
└────────────────────────────┘
Non-default arguments:
Before:
    header1: 0 lines, 0 words, 0 chars, max 0 chars per line, 1 page
    header2: 0 lines, 0 words, 0 chars, max 0 chars per line
    body:   2264 lines, 9785 words, 100638 chars, max 155 chars per line
    total:  2264 lines, 9785 words, 100638 chars, max 155 chars per line
Backup:
    '/home/xxxx/Documents/pypi/yawp/yawp/__main__.py' →
    '/home/xxxx/Documents/pypi/yawp/yawp/.yawp.__main__.py.2024.03.04-17.23.29.back'
After:
    header1: 0 lines, 0 words, 0 chars, max 0 chars per line, 1 page
    header2: 0 lines, 0 words, 0 chars, max 0 chars per line
    body:   2265 lines, 9794 words, 100709 chars, max 155 chars per line
    total:  2265 lines, 9794 words, 100709 chars, max 155 chars per line
┌────────────────────────────┐
│ Edit - 2024-03-04 17:24:55 │
└────────────────────────────┘
Non-default arguments:
Before:
    header1: 0 lines, 0 words, 0 chars, max 0 chars per line, 1 page
    header2: 0 lines, 0 words, 0 chars, max 0 chars per line
    body:   2265 lines, 9794 words, 100709 chars, max 155 chars per line
    total:  2265 lines, 9794 words, 100709 chars, max 155 chars per line
Backup:
    '/home/xxxx/Documents/pypi/yawp/yawp/__main__.py' →
    '/home/xxxx/Documents/pypi/yawp/yawp/.yawp.__main__.py.2024.03.04-17.26.40.back'
After:
    header1: 0 lines, 0 words, 0 chars, max 0 chars per line, 1 page
    header2: 0 lines, 0 words, 0 chars, max 0 chars per line
    body:   2265 lines, 9796 words, 100713 chars, max 155 chars per line
    total:  2265 lines, 9796 words, 100713 chars, max 155 chars per line
┌────────────────────────────┐
│ Edit - 2024-03-06 10:28:58 │
└────────────────────────────┘
Non-default arguments:
Before:
    header1: 0 lines, 0 words, 0 chars, max 0 chars per line, 1 page
    header2: 0 lines, 0 words, 0 chars, max 0 chars per line
    body:   2265 lines, 9796 words, 100713 chars, max 155 chars per line
    total:  2265 lines, 9796 words, 100713 chars, max 155 chars per line
Backup:
    '/home/xxxx/Documents/pypi/yawp/yawp/__main__.py' →
    '/home/xxxx/Documents/pypi/yawp/yawp/.yawp.__main__.py.2024.03.06-10.56.11.back'
After:
    header1: 0 lines, 0 words, 0 chars, max 0 chars per line, 1 page
    header2: 0 lines, 0 words, 0 chars, max 0 chars per line
    body:   2261 lines, 9808 words, 100912 chars, max 159 chars per line
    total:  2261 lines, 9808 words, 100912 chars, max 159 chars per line
┌────────────────────────────┐
│ Edit - 2024-03-06 11:00:36 │
└────────────────────────────┘
Non-default arguments:
Before:
    header1: 0 lines, 0 words, 0 chars, max 0 chars per line, 1 page
    header2: 0 lines, 0 words, 0 chars, max 0 chars per line
    body:   2261 lines, 9808 words, 100912 chars, max 159 chars per line
    total:  2261 lines, 9808 words, 100912 chars, max 159 chars per line
Backup:
    '/home/xxxx/Documents/pypi/yawp/yawp/__main__.py' →
    '/home/xxxx/Documents/pypi/yawp/yawp/.yawp.__main__.py.2024.03.06-11.02.24.back'
After:
    header1: 0 lines, 0 words, 0 chars, max 0 chars per line, 1 page
    header2: 0 lines, 0 words, 0 chars, max 0 chars per line
    body:   2260 lines, 9801 words, 100829 chars, max 167 chars per line
    total:  2260 lines, 9801 words, 100829 chars, max 167 chars per line
┌────────────────────────────┐
│ Edit - 2024-03-06 11:04:43 │
└────────────────────────────┘
Non-default arguments:
Before:
    header1: 0 lines, 0 words, 0 chars, max 0 chars per line, 1 page
    header2: 0 lines, 0 words, 0 chars, max 0 chars per line
    body:   2260 lines, 9801 words, 100829 chars, max 167 chars per line
    total:  2260 lines, 9801 words, 100829 chars, max 167 chars per line
Backup:
    '/home/xxxx/Documents/pypi/yawp/yawp/__main__.py' →
    '/home/xxxx/Documents/pypi/yawp/yawp/.yawp.__main__.py.2024.03.06-11.05.41.back'
After:
    header1: 0 lines, 0 words, 0 chars, max 0 chars per line, 1 page
    header2: 0 lines, 0 words, 0 chars, max 0 chars per line
    body:   2260 lines, 9801 words, 100829 chars, max 167 chars per line
    total:  2260 lines, 9801 words, 100829 chars, max 167 chars per line
┌────────────────────────────┐
│ Edit - 2024-03-06 11:06:35 │
└────────────────────────────┘
Non-default arguments:
Before:
    header1: 0 lines, 0 words, 0 chars, max 0 chars per line, 1 page
    header2: 0 lines, 0 words, 0 chars, max 0 chars per line
    body:   2260 lines, 9801 words, 100829 chars, max 167 chars per line
    total:  2260 lines, 9801 words, 100829 chars, max 167 chars per line
Backup:
    '/home/xxxx/Documents/pypi/yawp/yawp/__main__.py' →
    '/home/xxxx/Documents/pypi/yawp/yawp/.yawp.__main__.py.2024.03.06-11.07.27.back'
After:
    header1: 0 lines, 0 words, 0 chars, max 0 chars per line, 1 page
    header2: 0 lines, 0 words, 0 chars, max 0 chars per line
    body:   2260 lines, 9801 words, 100828 chars, max 167 chars per line
    total:  2260 lines, 9801 words, 100828 chars, max 167 chars per line
┌────────────────────────────┐
│ Edit - 2024-03-06 11:08:05 │
└────────────────────────────┘
Non-default arguments:
Before:
    header1: 0 lines, 0 words, 0 chars, max 0 chars per line, 1 page
    header2: 0 lines, 0 words, 0 chars, max 0 chars per line
    body:   2260 lines, 9801 words, 100828 chars, max 167 chars per line
    total:  2260 lines, 9801 words, 100828 chars, max 167 chars per line
Backup:
    '/home/xxxx/Documents/pypi/yawp/yawp/__main__.py' →
    '/home/xxxx/Documents/pypi/yawp/yawp/.yawp.__main__.py.2024.03.06-11.08.16.back'
After:
    header1: 0 lines, 0 words, 0 chars, max 0 chars per line, 1 page
    header2: 0 lines, 0 words, 0 chars, max 0 chars per line
    body:   2260 lines, 9801 words, 100828 chars, max 167 chars per line
    total:  2260 lines, 9801 words, 100828 chars, max 167 chars per line
┌────────────────────────────┐
│ Edit - 2024-03-06 11:08:48 │
└────────────────────────────┘
Non-default arguments:
Before:
    header1: 0 lines, 0 words, 0 chars, max 0 chars per line, 1 page
    header2: 0 lines, 0 words, 0 chars, max 0 chars per line
    body:   2260 lines, 9801 words, 100828 chars, max 167 chars per line
    total:  2260 lines, 9801 words, 100828 chars, max 167 chars per line
Backup:
    '/home/xxxx/Documents/pypi/yawp/yawp/__main__.py' →
    '/home/xxxx/Documents/pypi/yawp/yawp/.yawp.__main__.py.2024.03.06-11.08.57.back'
After:
    header1: 0 lines, 0 words, 0 chars, max 0 chars per line, 1 page
    header2: 0 lines, 0 words, 0 chars, max 0 chars per line
    body:   2260 lines, 9801 words, 100828 chars, max 167 chars per line
    total:  2260 lines, 9801 words, 100828 chars, max 167 chars per line
┌────────────────────────────┐
│ Edit - 2024-03-06 11:11:58 │
└────────────────────────────┘
Non-default arguments:
Before:
    header1: 0 lines, 0 words, 0 chars, max 0 chars per line, 1 page
    header2: 0 lines, 0 words, 0 chars, max 0 chars per line
    body:   2260 lines, 9801 words, 100828 chars, max 167 chars per line
    total:  2260 lines, 9801 words, 100828 chars, max 167 chars per line
Backup:
    '/home/xxxx/Documents/pypi/yawp/yawp/__main__.py' →
    '/home/xxxx/Documents/pypi/yawp/yawp/.yawp.__main__.py.2024.03.06-11.13.42.back'
After:
    header1: 0 lines, 0 words, 0 chars, max 0 chars per line, 1 page
    header2: 0 lines, 0 words, 0 chars, max 0 chars per line
    body:   2260 lines, 9801 words, 100808 chars, max 165 chars per line
    total:  2260 lines, 9801 words, 100808 chars, max 165 chars per line
┌────────────────────────────┐
│ Edit - 2024-03-06 11:14:17 │
└────────────────────────────┘
Non-default arguments:
Before:
    header1: 0 lines, 0 words, 0 chars, max 0 chars per line, 1 page
    header2: 0 lines, 0 words, 0 chars, max 0 chars per line
    body:   2260 lines, 9801 words, 100808 chars, max 165 chars per line
    total:  2260 lines, 9801 words, 100808 chars, max 165 chars per line
Backup:
    '/home/xxxx/Documents/pypi/yawp/yawp/__main__.py' →
    '/home/xxxx/Documents/pypi/yawp/yawp/.yawp.__main__.py.2024.03.06-11.14.32.back'
After:
    header1: 0 lines, 0 words, 0 chars, max 0 chars per line, 1 page
    header2: 0 lines, 0 words, 0 chars, max 0 chars per line
    body:   2260 lines, 9801 words, 100808 chars, max 165 chars per line
    total:  2260 lines, 9801 words, 100808 chars, max 165 chars per line
┌────────────────────────────┐
│ Edit - 2024-03-06 11:16:00 │
└────────────────────────────┘
Non-default arguments:
Before:
    header1: 0 lines, 0 words, 0 chars, max 0 chars per line, 1 page
    header2: 0 lines, 0 words, 0 chars, max 0 chars per line
    body:   2260 lines, 9801 words, 100808 chars, max 165 chars per line
    total:  2260 lines, 9801 words, 100808 chars, max 165 chars per line
Backup:
    '/home/xxxx/Documents/pypi/yawp/yawp/__main__.py' →
    '/home/xxxx/Documents/pypi/yawp/yawp/.yawp.__main__.py.2024.03.06-11.16.10.back'
After:
    header1: 0 lines, 0 words, 0 chars, max 0 chars per line, 1 page
    header2: 0 lines, 0 words, 0 chars, max 0 chars per line
    body:   2260 lines, 9801 words, 100808 chars, max 165 chars per line
    total:  2260 lines, 9801 words, 100808 chars, max 165 chars per line
┌────────────────────────────┐
│ Edit - 2024-03-06 11:18:43 │
└────────────────────────────┘
Non-default arguments:
Before:
    header1: 0 lines, 0 words, 0 chars, max 0 chars per line, 1 page
    header2: 0 lines, 0 words, 0 chars, max 0 chars per line
    body:   2260 lines, 9801 words, 100808 chars, max 165 chars per line
    total:  2260 lines, 9801 words, 100808 chars, max 165 chars per line
Backup:
    '/home/xxxx/Documents/pypi/yawp/yawp/__main__.py' →
    '/home/xxxx/Documents/pypi/yawp/yawp/.yawp.__main__.py.2024.03.06-11.18.56.back'
After:
    header1: 0 lines, 0 words, 0 chars, max 0 chars per line, 1 page
    header2: 0 lines, 0 words, 0 chars, max 0 chars per line
    body:   2260 lines, 9801 words, 100808 chars, max 165 chars per line
    total:  2260 lines, 9801 words, 100808 chars, max 165 chars per line
┌────────────────────────────┐
│ Edit - 2024-03-06 11:20:01 │
└────────────────────────────┘
Non-default arguments:
Before:
    header1: 0 lines, 0 words, 0 chars, max 0 chars per line, 1 page
    header2: 0 lines, 0 words, 0 chars, max 0 chars per line
    body:   2260 lines, 9801 words, 100808 chars, max 165 chars per line
    total:  2260 lines, 9801 words, 100808 chars, max 165 chars per line
Backup:
    '/home/xxxx/Documents/pypi/yawp/yawp/__main__.py' →
    '/home/xxxx/Documents/pypi/yawp/yawp/.yawp.__main__.py.2024.03.06-11.20.55.back'
After:
    header1: 0 lines, 0 words, 0 chars, max 0 chars per line, 1 page
    header2: 0 lines, 0 words, 0 chars, max 0 chars per line
    body:   2260 lines, 9801 words, 100828 chars, max 167 chars per line
    total:  2260 lines, 9801 words, 100828 chars, max 167 chars per line
┌────────────────────────────┐
│ Edit - 2024-03-06 11:22:30 │
└────────────────────────────┘
Non-default arguments:
Before:
    header1: 0 lines, 0 words, 0 chars, max 0 chars per line, 1 page
    header2: 0 lines, 0 words, 0 chars, max 0 chars per line
    body:   2260 lines, 9801 words, 100828 chars, max 167 chars per line
    total:  2260 lines, 9801 words, 100828 chars, max 167 chars per line
Backup:
    Text file not altered, backup not performed
┌────────────────────────────┐
│ Edit - 2024-03-06 11:23:31 │
└────────────────────────────┘
Non-default arguments:
Before:
    header1: 0 lines, 0 words, 0 chars, max 0 chars per line, 1 page
    header2: 0 lines, 0 words, 0 chars, max 0 chars per line
    body:   2260 lines, 9801 words, 100828 chars, max 167 chars per line
    total:  2260 lines, 9801 words, 100828 chars, max 167 chars per line
Backup:
    '/home/xxxx/Documents/pypi/yawp/yawp/__main__.py' →
    '/home/xxxx/Documents/pypi/yawp/yawp/.yawp.__main__.py.2024.03.06-11.24.28.back'
After:
    header1: 0 lines, 0 words, 0 chars, max 0 chars per line, 1 page
    header2: 0 lines, 0 words, 0 chars, max 0 chars per line
    body:   2260 lines, 9801 words, 100828 chars, max 167 chars per line
    total:  2260 lines, 9801 words, 100828 chars, max 167 chars per line
┌────────────────────────────┐
│ Edit - 2024-03-06 11:25:33 │
└────────────────────────────┘
Non-default arguments:
Before:
    header1: 0 lines, 0 words, 0 chars, max 0 chars per line, 1 page
    header2: 0 lines, 0 words, 0 chars, max 0 chars per line
    body:   2260 lines, 9801 words, 100828 chars, max 167 chars per line
    total:  2260 lines, 9801 words, 100828 chars, max 167 chars per line
Backup:
    '/home/xxxx/Documents/pypi/yawp/yawp/__main__.py' →
    '/home/xxxx/Documents/pypi/yawp/yawp/.yawp.__main__.py.2024.03.06-11.25.56.back'
After:
    header1: 0 lines, 0 words, 0 chars, max 0 chars per line, 1 page
    header2: 0 lines, 0 words, 0 chars, max 0 chars per line
    body:   2260 lines, 9801 words, 100827 chars, max 167 chars per line
    total:  2260 lines, 9801 words, 100827 chars, max 167 chars per line
┌────────────────────────────┐
│ Edit - 2024-03-06 11:29:12 │
└────────────────────────────┘
Non-default arguments:
Before:
    header1: 0 lines, 0 words, 0 chars, max 0 chars per line, 1 page
    header2: 0 lines, 0 words, 0 chars, max 0 chars per line
    body:   2260 lines, 9801 words, 100827 chars, max 167 chars per line
    total:  2260 lines, 9801 words, 100827 chars, max 167 chars per line
Backup:
    '/home/xxxx/Documents/pypi/yawp/yawp/__main__.py' →
    '/home/xxxx/Documents/pypi/yawp/yawp/.yawp.__main__.py.2024.03.06-11.30.06.back'
After:
    header1: 0 lines, 0 words, 0 chars, max 0 chars per line, 1 page
    header2: 0 lines, 0 words, 0 chars, max 0 chars per line
    body:   2260 lines, 9801 words, 100827 chars, max 167 chars per line
    total:  2260 lines, 9801 words, 100827 chars, max 167 chars per line
┌────────────────────────────┐
│ Edit - 2024-03-06 11:45:42 │
└────────────────────────────┘
Non-default arguments:
Before:
    header1: 0 lines, 0 words, 0 chars, max 0 chars per line, 1 page
    header2: 0 lines, 0 words, 0 chars, max 0 chars per line
    body:   2260 lines, 9801 words, 100827 chars, max 167 chars per line
    total:  2260 lines, 9801 words, 100827 chars, max 167 chars per line
Backup:
    '/home/xxxx/Documents/pypi/yawp/yawp/__main__.py' →
    '/home/xxxx/Documents/pypi/yawp/yawp/.yawp.__main__.py.2024.03.06-11.52.44.back'
After:
    header1: 0 lines, 0 words, 0 chars, max 0 chars per line, 1 page
    header2: 0 lines, 0 words, 0 chars, max 0 chars per line
    body:   2272 lines, 9825 words, 101484 chars, max 169 chars per line
    total:  2272 lines, 9825 words, 101484 chars, max 169 chars per line
┌────────────────────────────┐
│ Edit - 2024-03-06 11:53:25 │
└────────────────────────────┘
Non-default arguments:
Before:
    header1: 0 lines, 0 words, 0 chars, max 0 chars per line, 1 page
    header2: 0 lines, 0 words, 0 chars, max 0 chars per line
    body:   2272 lines, 9825 words, 101484 chars, max 169 chars per line
    total:  2272 lines, 9825 words, 101484 chars, max 169 chars per line
Backup:
    '/home/xxxx/Documents/pypi/yawp/yawp/__main__.py' →
    '/home/xxxx/Documents/pypi/yawp/yawp/.yawp.__main__.py.2024.03.06-11.53.51.back'
After:
    header1: 0 lines, 0 words, 0 chars, max 0 chars per line, 1 page
    header2: 0 lines, 0 words, 0 chars, max 0 chars per line
    body:   2272 lines, 9825 words, 101482 chars, max 169 chars per line
    total:  2272 lines, 9825 words, 101482 chars, max 169 chars per line
┌────────────────────────────┐
│ Edit - 2024-03-06 11:55:19 │
└────────────────────────────┘
Non-default arguments:
Before:
    header1: 0 lines, 0 words, 0 chars, max 0 chars per line, 1 page
    header2: 0 lines, 0 words, 0 chars, max 0 chars per line
    body:   2272 lines, 9825 words, 101482 chars, max 169 chars per line
    total:  2272 lines, 9825 words, 101482 chars, max 169 chars per line
Backup:
    '/home/xxxx/Documents/pypi/yawp/yawp/__main__.py' →
    '/home/xxxx/Documents/pypi/yawp/yawp/.yawp.__main__.py.2024.03.06-11.56.28.back'
After:
    header1: 0 lines, 0 words, 0 chars, max 0 chars per line, 1 page
    header2: 0 lines, 0 words, 0 chars, max 0 chars per line
    body:   2271 lines, 9819 words, 101456 chars, max 169 chars per line
    total:  2271 lines, 9819 words, 101456 chars, max 169 chars per line
┌────────────────────────────┐
│ Edit - 2024-03-06 11:59:45 │
└────────────────────────────┘
Non-default arguments:
Before:
    header1: 0 lines, 0 words, 0 chars, max 0 chars per line, 1 page
    header2: 0 lines, 0 words, 0 chars, max 0 chars per line
    body:   2271 lines, 9819 words, 101456 chars, max 169 chars per line
    total:  2271 lines, 9819 words, 101456 chars, max 169 chars per line
Backup:
    Text file not altered, backup not performed
┌────────────────────────────┐
│ Edit - 2024-03-06 12:02:11 │
└────────────────────────────┘
Non-default arguments:
Before:
    header1: 0 lines, 0 words, 0 chars, max 0 chars per line, 1 page
    header2: 0 lines, 0 words, 0 chars, max 0 chars per line
    body:   2271 lines, 9819 words, 101456 chars, max 169 chars per line
    total:  2271 lines, 9819 words, 101456 chars, max 169 chars per line
Backup:
    '/home/xxxx/Documents/pypi/yawp/yawp/__main__.py' →
    '/home/xxxx/Documents/pypi/yawp/yawp/.yawp.__main__.py.2024.03.06-12.03.08.back'
After:
    header1: 0 lines, 0 words, 0 chars, max 0 chars per line, 1 page
    header2: 0 lines, 0 words, 0 chars, max 0 chars per line
    body:   2271 lines, 9819 words, 101457 chars, max 169 chars per line
    total:  2271 lines, 9819 words, 101457 chars, max 169 chars per line
┌────────────────────────────┐
│ Edit - 2024-03-06 12:04:41 │
└────────────────────────────┘
Non-default arguments:
Before:
    header1: 0 lines, 0 words, 0 chars, max 0 chars per line, 1 page
    header2: 0 lines, 0 words, 0 chars, max 0 chars per line
    body:   2271 lines, 9819 words, 101457 chars, max 169 chars per line
    total:  2271 lines, 9819 words, 101457 chars, max 169 chars per line
Backup:
    '/home/xxxx/Documents/pypi/yawp/yawp/__main__.py' →
    '/home/xxxx/Documents/pypi/yawp/yawp/.yawp.__main__.py.2024.03.06-12.05.03.back'
After:
    header1: 0 lines, 0 words, 0 chars, max 0 chars per line, 1 page
    header2: 0 lines, 0 words, 0 chars, max 0 chars per line
    body:   2271 lines, 9819 words, 101457 chars, max 169 chars per line
    total:  2271 lines, 9819 words, 101457 chars, max 169 chars per line
┌────────────────────────────┐
│ Edit - 2024-03-06 12:05:14 │
└────────────────────────────┘
Non-default arguments:
Before:
    header1: 0 lines, 0 words, 0 chars, max 0 chars per line, 1 page
    header2: 0 lines, 0 words, 0 chars, max 0 chars per line
    body:   2271 lines, 9819 words, 101457 chars, max 169 chars per line
    total:  2271 lines, 9819 words, 101457 chars, max 169 chars per line
Backup:
    Text file not altered, backup not performed
┌────────────────────────────┐
│ Edit - 2024-03-06 12:05:23 │
└────────────────────────────┘
Non-default arguments:
Before:
    header1: 0 lines, 0 words, 0 chars, max 0 chars per line, 1 page
    header2: 0 lines, 0 words, 0 chars, max 0 chars per line
    body:   2271 lines, 9819 words, 101457 chars, max 169 chars per line
    total:  2271 lines, 9819 words, 101457 chars, max 169 chars per line
Backup:
    Text file not altered, backup not performed
┌────────────────────────────┐
│ Edit - 2024-03-06 12:07:29 │
└────────────────────────────┘
Non-default arguments:
Before:
    header1: 0 lines, 0 words, 0 chars, max 0 chars per line, 1 page
    header2: 0 lines, 0 words, 0 chars, max 0 chars per line
    body:   2271 lines, 9819 words, 101457 chars, max 169 chars per line
    total:  2271 lines, 9819 words, 101457 chars, max 169 chars per line
Backup:
    '/home/xxxx/Documents/pypi/yawp/yawp/__main__.py' →
    '/home/xxxx/Documents/pypi/yawp/yawp/.yawp.__main__.py.2024.03.06-12.07.45.back'
After:
    header1: 0 lines, 0 words, 0 chars, max 0 chars per line, 1 page
    header2: 0 lines, 0 words, 0 chars, max 0 chars per line
    body:   2271 lines, 9819 words, 101457 chars, max 169 chars per line
    total:  2271 lines, 9819 words, 101457 chars, max 169 chars per line
┌────────────────────────────┐
│ Edit - 2024-03-06 12:09:46 │
└────────────────────────────┘
Non-default arguments:
Before:
    header1: 0 lines, 0 words, 0 chars, max 0 chars per line, 1 page
    header2: 0 lines, 0 words, 0 chars, max 0 chars per line
    body:   2271 lines, 9819 words, 101457 chars, max 169 chars per line
    total:  2271 lines, 9819 words, 101457 chars, max 169 chars per line
Backup:
    '/home/xxxx/Documents/pypi/yawp/yawp/__main__.py' →
    '/home/xxxx/Documents/pypi/yawp/yawp/.yawp.__main__.py.2024.03.06-12.10.04.back'
After:
    header1: 0 lines, 0 words, 0 chars, max 0 chars per line, 1 page
    header2: 0 lines, 0 words, 0 chars, max 0 chars per line
    body:   2272 lines, 9825 words, 101481 chars, max 169 chars per line
    total:  2272 lines, 9825 words, 101481 chars, max 169 chars per line
┌────────────────────────────┐
│ Edit - 2024-03-06 13:59:38 │
└────────────────────────────┘
Non-default arguments:
Before:
    header1: 0 lines, 0 words, 0 chars, max 0 chars per line, 1 page
    header2: 0 lines, 0 words, 0 chars, max 0 chars per line
    body:   2272 lines, 9825 words, 101481 chars, max 169 chars per line
    total:  2272 lines, 9825 words, 101481 chars, max 169 chars per line
Backup:
    '/home/xxxx/Documents/pypi/yawp/yawp/__main__.py' →
    '/home/xxxx/Documents/pypi/yawp/yawp/.yawp.__main__.py.2024.03.06-14.01.28.back'
After:
    header1: 0 lines, 0 words, 0 chars, max 0 chars per line, 1 page
    header2: 0 lines, 0 words, 0 chars, max 0 chars per line
    body:   2270 lines, 9807 words, 101231 chars, max 159 chars per line
    total:  2270 lines, 9807 words, 101231 chars, max 159 chars per line
┌────────────────────────────┐
│ Edit - 2024-03-06 14:05:30 │
└────────────────────────────┘
Non-default arguments:
Before:
    header1: 0 lines, 0 words, 0 chars, max 0 chars per line, 1 page
    header2: 0 lines, 0 words, 0 chars, max 0 chars per line
    body:   2270 lines, 9807 words, 101231 chars, max 159 chars per line
    total:  2270 lines, 9807 words, 101231 chars, max 159 chars per line
┌────────────────────────────┐
│ Edit - 2024-03-06 14:30:42 │
└────────────────────────────┘
Non-default arguments:
ERROR: File '/home/xxxx/Documents/pypi/yawp/yawp/__main__.py' is locked.
Backup:
    '/home/xxxx/Documents/pypi/yawp/yawp/__main__.py' →
    '/home/xxxx/Documents/pypi/yawp/yawp/.yawp.__main__.py.2024.03.06-14.52.43.back'
After:
    header1: 0 lines, 0 words, 0 chars, max 0 chars per line, 1 page
    header2: 0 lines, 0 words, 0 chars, max 0 chars per line
    body:   2259 lines, 9796 words, 101534 chars, max 161 chars per line
    total:  2259 lines, 9796 words, 101534 chars, max 161 chars per line
┌────────────────────────────┐
│ Edit - 2024-03-06 14:54:57 │
└────────────────────────────┘
Non-default arguments:
Before:
    header1: 0 lines, 0 words, 0 chars, max 0 chars per line, 1 page
    header2: 0 lines, 0 words, 0 chars, max 0 chars per line
    body:   2259 lines, 9796 words, 101534 chars, max 161 chars per line
    total:  2259 lines, 9796 words, 101534 chars, max 161 chars per line
Backup:
    Text file not altered, backup not performed
┌────────────────────────────┐
│ Edit - 2024-03-06 15:02:42 │
└────────────────────────────┘
Non-default arguments:
Before:
    header1: 0 lines, 0 words, 0 chars, max 0 chars per line, 1 page
    header2: 0 lines, 0 words, 0 chars, max 0 chars per line
    body:   2259 lines, 9796 words, 101534 chars, max 161 chars per line
    total:  2259 lines, 9796 words, 101534 chars, max 161 chars per line
Backup:
    '/home/xxxx/Documents/pypi/yawp/yawp/__main__.py' →
    '/home/xxxx/Documents/pypi/yawp/yawp/.yawp.__main__.py.2024.03.06-15.29.45.back'
After:
    header1: 0 lines, 0 words, 0 chars, max 0 chars per line, 1 page
    header2: 0 lines, 0 words, 0 chars, max 0 chars per line
    body:   2259 lines, 9777 words, 101300 chars, max 161 chars per line
    total:  2259 lines, 9777 words, 101300 chars, max 161 chars per line
┌────────────────────────────┐
│ Edit - 2024-03-06 15:35:50 │
└────────────────────────────┘
Non-default arguments:
Before:
    header1: 0 lines, 0 words, 0 chars, max 0 chars per line, 1 page
    header2: 0 lines, 0 words, 0 chars, max 0 chars per line
    body:   2259 lines, 9777 words, 101310 chars, max 161 chars per line
    total:  2259 lines, 9777 words, 101310 chars, max 161 chars per line
Backup:
    '/home/xxxx/Documents/pypi/yawp/yawp/__main__.py' →
    '/home/xxxx/Documents/pypi/yawp/yawp/.yawp.__main__.py.2024.03.06-15.38.53.back'
After:
    header1: 0 lines, 0 words, 0 chars, max 0 chars per line, 1 page
    header2: 0 lines, 0 words, 0 chars, max 0 chars per line
    body:   2260 lines, 9789 words, 101394 chars, max 161 chars per line
    total:  2260 lines, 9789 words, 101394 chars, max 161 chars per line
┌────────────────────────────┐
│ Edit - 2024-03-06 15:42:17 │
└────────────────────────────┘
Non-default arguments:
Before:
    header1: 0 lines, 0 words, 0 chars, max 0 chars per line, 1 page
    header2: 0 lines, 0 words, 0 chars, max 0 chars per line
    body:   2260 lines, 9790 words, 101398 chars, max 161 chars per line
    total:  2260 lines, 9790 words, 101398 chars, max 161 chars per line
Backup:
    '/home/xxxx/Documents/pypi/yawp/yawp/__main__.py' →
    '/home/xxxx/Documents/pypi/yawp/yawp/.yawp.__main__.py.2024.03.06-15.44.41.back'
After:
    header1: 0 lines, 0 words, 0 chars, max 0 chars per line, 1 page
    header2: 0 lines, 0 words, 0 chars, max 0 chars per line
    body:   2263 lines, 9799 words, 101451 chars, max 161 chars per line
    total:  2263 lines, 9799 words, 101451 chars, max 161 chars per line
┌────────────────────────────┐
│ Edit - 2024-03-06 16:08:34 │
└────────────────────────────┘
Non-default arguments:
Before:
    header1: 0 lines, 0 words, 0 chars, max 0 chars per line, 1 page
    header2: 0 lines, 0 words, 0 chars, max 0 chars per line
    body:   2263 lines, 9806 words, 101494 chars, max 161 chars per line
    total:  2263 lines, 9806 words, 101494 chars, max 161 chars per line
Backup:
    '/home/xxxx/Documents/pypi/yawp/yawp/__main__.py' →
    '/home/xxxx/Documents/pypi/yawp/yawp/.yawp.__main__.py.2024.03.06-16.11.51.back'
After:
    header1: 0 lines, 0 words, 0 chars, max 0 chars per line, 1 page
    header2: 0 lines, 0 words, 0 chars, max 0 chars per line
    body:   2263 lines, 9812 words, 101522 chars, max 161 chars per line
    total:  2263 lines, 9812 words, 101522 chars, max 161 chars per line
┌────────────────────────────┐
│ Edit - 2024-03-06 16:13:32 │
└────────────────────────────┘
Non-default arguments:
Before:
    header1: 0 lines, 0 words, 0 chars, max 0 chars per line, 1 page
    header2: 0 lines, 0 words, 0 chars, max 0 chars per line
    body:   2263 lines, 9812 words, 101522 chars, max 161 chars per line
    total:  2263 lines, 9812 words, 101522 chars, max 161 chars per line
Backup:
    '/home/xxxx/Documents/pypi/yawp/yawp/__main__.py' →
    '/home/xxxx/Documents/pypi/yawp/yawp/.yawp.__main__.py.2024.03.06-17.10.35.back'
After:
    header1: 0 lines, 0 words, 0 chars, max 0 chars per line, 1 page
    header2: 0 lines, 0 words, 0 chars, max 0 chars per line
    body:   2264 lines, 9815 words, 101560 chars, max 161 chars per line
    total:  2264 lines, 9815 words, 101560 chars, max 161 chars per line
┌────────────────────────────┐
│ Edit - 2024-03-07 17:31:54 │
└────────────────────────────┘
Non-default arguments:
Before:
    header1: 0 lines, 0 words, 0 chars, max 0 chars per line, 1 page
    header2: 0 lines, 0 words, 0 chars, max 0 chars per line
    body:   2263 lines, 9808 words, 101577 chars, max 161 chars per line
    total:  2263 lines, 9808 words, 101577 chars, max 161 chars per line
Backup:
    '/home/xxxx/Documents/pypi/yawp/yawp/__main__.py' →
    '/home/xxxx/Documents/pypi/yawp/yawp/.yawp.__main__.py.2024.03.07-17.44.57.back'
After:
    header1: 0 lines, 0 words, 0 chars, max 0 chars per line, 1 page
    header2: 0 lines, 0 words, 0 chars, max 0 chars per line
    body:   2266 lines, 9817 words, 101754 chars, max 163 chars per line
    total:  2266 lines, 9817 words, 101754 chars, max 163 chars per line
┌────────────────────────────┐
│ Edit - 2024-03-07 19:03:43 │
└────────────────────────────┘
Non-default arguments:
Before:
    header1: 0 lines, 0 words, 0 chars, max 0 chars per line, 1 page
    header2: 0 lines, 0 words, 0 chars, max 0 chars per line
    body:   2266 lines, 9817 words, 101754 chars, max 163 chars per line
    total:  2266 lines, 9817 words, 101754 chars, max 163 chars per line
Backup:
    '/home/xxxx/Documents/pypi/yawp/yawp/__main__.py' →
    '/home/xxxx/Documents/pypi/yawp/yawp/.yawp.__main__.py.2024.03.07-19.50.42.back'
After:
    header1: 0 lines, 0 words, 0 chars, max 0 chars per line, 1 page
    header2: 0 lines, 0 words, 0 chars, max 0 chars per line
    body:   2283 lines, 9889 words, 102625 chars, max 163 chars per line
    total:  2283 lines, 9889 words, 102625 chars, max 163 chars per line
