┌────────────────────────────┐
│ Edit - 2024-03-04 17:30:16 │
└────────────────────────────┘
Non-default arguments:
Before:
    header1: 0 lines, 0 words, 0 chars, max 0 chars per line, 1 page
    header2: 0 lines, 0 words, 0 chars, max 0 chars per line
    body:   1112 lines, 5416 words, 37894 chars, max 140 chars per line
    total:  1112 lines, 5416 words, 37894 chars, max 140 chars per line
Backup:
    '/home/xxxx/Documents/pypi/yawp/yawp/__init__.py' →
    '/home/xxxx/Documents/pypi/yawp/yawp/.yawp.__init__.py.2024.03.04-17.36.03.back'
After:
    header1: 0 lines, 0 words, 0 chars, max 0 chars per line, 1 page
    header2: 0 lines, 0 words, 0 chars, max 0 chars per line
    body:   1114 lines, 5417 words, 37923 chars, max 140 chars per line
    total:  1114 lines, 5417 words, 37923 chars, max 140 chars per line
┌────────────────────────────┐
│ Edit - 2024-03-06 09:52:04 │
└────────────────────────────┘
Non-default arguments:
Before:
    header1: 0 lines, 0 words, 0 chars, max 0 chars per line, 1 page
    header2: 0 lines, 0 words, 0 chars, max 0 chars per line
    body:   1114 lines, 5417 words, 37923 chars, max 140 chars per line
    total:  1114 lines, 5417 words, 37923 chars, max 140 chars per line
Backup:
    '/home/xxxx/Documents/pypi/yawp/yawp/__init__.py' →
    '/home/xxxx/Documents/pypi/yawp/yawp/.yawp.__init__.py.2024.03.06-10.28.02.back'
After:
    header1: 0 lines, 0 words, 0 chars, max 0 chars per line, 1 page
    header2: 0 lines, 0 words, 0 chars, max 0 chars per line
    body:   1168 lines, 5672 words, 39532 chars, max 140 chars per line
    total:  1168 lines, 5672 words, 39532 chars, max 140 chars per line
┌────────────────────────────┐
│ Edit - 2024-03-06 10:29:13 │
└────────────────────────────┘
Non-default arguments:
Before:
    header1: 0 lines, 0 words, 0 chars, max 0 chars per line, 1 page
    header2: 0 lines, 0 words, 0 chars, max 0 chars per line
    body:   1168 lines, 5672 words, 39532 chars, max 140 chars per line
    total:  1168 lines, 5672 words, 39532 chars, max 140 chars per line
Backup:
    '/home/xxxx/Documents/pypi/yawp/yawp/__init__.py' →
    '/home/xxxx/Documents/pypi/yawp/yawp/.yawp.__init__.py.2024.03.06-10.49.37.back'
After:
    header1: 0 lines, 0 words, 0 chars, max 0 chars per line, 1 page
    header2: 0 lines, 0 words, 0 chars, max 0 chars per line
    body:   1163 lines, 5650 words, 39067 chars, max 140 chars per line
    total:  1163 lines, 5650 words, 39067 chars, max 140 chars per line
┌────────────────────────────┐
│ Edit - 2024-03-06 11:30:41 │
└────────────────────────────┘
Non-default arguments:
Before:
    header1: 0 lines, 0 words, 0 chars, max 0 chars per line, 1 page
    header2: 0 lines, 0 words, 0 chars, max 0 chars per line
    body:   1163 lines, 5650 words, 39067 chars, max 140 chars per line
    total:  1163 lines, 5650 words, 39067 chars, max 140 chars per line
Backup:
    Text file not altered, backup not performed
┌────────────────────────────┐
│ Edit - 2024-03-06 11:34:47 │
└────────────────────────────┘
Non-default arguments:
Before:
    header1: 0 lines, 0 words, 0 chars, max 0 chars per line, 1 page
    header2: 0 lines, 0 words, 0 chars, max 0 chars per line
    body:   1163 lines, 5650 words, 39067 chars, max 140 chars per line
    total:  1163 lines, 5650 words, 39067 chars, max 140 chars per line
Backup:
    '/home/xxxx/Documents/pypi/yawp/yawp/__init__.py' →
    '/home/xxxx/Documents/pypi/yawp/yawp/.yawp.__init__.py.2024.03.06-11.45.33.back'
After:
    header1: 0 lines, 0 words, 0 chars, max 0 chars per line, 1 page
    header2: 0 lines, 0 words, 0 chars, max 0 chars per line
    body:   1161 lines, 5628 words, 38807 chars, max 140 chars per line
    total:  1161 lines, 5628 words, 38807 chars, max 140 chars per line
┌────────────────────────────┐
│ Edit - 2024-03-06 12:00:55 │
└────────────────────────────┘
Non-default arguments:
Before:
    header1: 0 lines, 0 words, 0 chars, max 0 chars per line, 1 page
    header2: 0 lines, 0 words, 0 chars, max 0 chars per line
    body:   1161 lines, 5628 words, 38807 chars, max 140 chars per line
    total:  1161 lines, 5628 words, 38807 chars, max 140 chars per line
Backup:
    Text file not altered, backup not performed
┌────────────────────────────┐
│ Edit - 2024-03-06 12:11:47 │
└────────────────────────────┘
Non-default arguments:
Before:
    header1: 0 lines, 0 words, 0 chars, max 0 chars per line, 1 page
    header2: 0 lines, 0 words, 0 chars, max 0 chars per line
    body:   1161 lines, 5628 words, 38807 chars, max 140 chars per line
    total:  1161 lines, 5628 words, 38807 chars, max 140 chars per line
Backup:
    Text file not altered, backup not performed
┌────────────────────────────┐
│ Edit - 2024-03-06 14:04:14 │
└────────────────────────────┘
Non-default arguments:
Before:
    header1: 0 lines, 0 words, 0 chars, max 0 chars per line, 1 page
    header2: 0 lines, 0 words, 0 chars, max 0 chars per line
    body:   1161 lines, 5628 words, 38807 chars, max 140 chars per line
    total:  1161 lines, 5628 words, 38807 chars, max 140 chars per line
Backup:
    Text file not altered, backup not performed
┌────────────────────────────┐
│ Edit - 2024-03-06 14:29:53 │
└────────────────────────────┘
Non-default arguments:
ERROR: File '/home/xxxx/Documents/pypi/yawp/yawp/__init__.py' is locked.
┌────────────────────────────┐
│ Edit - 2024-03-06 16:25:06 │
└────────────────────────────┘
Non-default arguments:
Before:
    header1: 0 lines, 0 words, 0 chars, max 0 chars per line, 1 page
    header2: 0 lines, 0 words, 0 chars, max 0 chars per line
    body:   1161 lines, 5628 words, 38807 chars, max 140 chars per line
    total:  1161 lines, 5628 words, 38807 chars, max 140 chars per line
Backup:
    '/home/xxxx/Documents/pypi/yawp/yawp/__init__.py' →
    '/home/xxxx/Documents/pypi/yawp/yawp/.yawp.__init__.py.2024.03.06-17.10.20.back'
After:
    header1: 0 lines, 0 words, 0 chars, max 0 chars per line, 1 page
    header2: 0 lines, 0 words, 0 chars, max 0 chars per line
    body:   1176 lines, 5723 words, 39555 chars, max 140 chars per line
    total:  1176 lines, 5723 words, 39555 chars, max 140 chars per line
┌────────────────────────────┐
│ Edit - 2024-03-06 17:22:47 │
└────────────────────────────┘
Non-default arguments:
Before:
    header1: 0 lines, 0 words, 0 chars, max 0 chars per line, 1 page
    header2: 0 lines, 0 words, 0 chars, max 0 chars per line
    body:   1176 lines, 5718 words, 39543 chars, max 140 chars per line
    total:  1176 lines, 5718 words, 39543 chars, max 140 chars per line
Backup:
    '/home/xxxx/Documents/pypi/yawp/yawp/__init__.py' →
    '/home/xxxx/Documents/pypi/yawp/yawp/.yawp.__init__.py.2024.03.06-17.23.19.back'
After:
    header1: 0 lines, 0 words, 0 chars, max 0 chars per line, 1 page
    header2: 0 lines, 0 words, 0 chars, max 0 chars per line
    body:   1176 lines, 5731 words, 39575 chars, max 140 chars per line
    total:  1176 lines, 5731 words, 39575 chars, max 140 chars per line
┌────────────────────────────┐
│ Edit - 2024-03-07 13:32:36 │
└────────────────────────────┘
Non-default arguments:
Before:
    header1: 0 lines, 0 words, 0 chars, max 0 chars per line, 1 page
    header2: 0 lines, 0 words, 0 chars, max 0 chars per line
    body:   1176 lines, 5731 words, 39575 chars, max 140 chars per line
    total:  1176 lines, 5731 words, 39575 chars, max 140 chars per line
Backup:
    '/home/xxxx/Documents/pypi/yawp/yawp/__init__.py' →
    '/home/xxxx/Documents/pypi/yawp/yawp/.yawp.__init__.py.2024.03.07-13.33.58.back'
After:
    header1: 0 lines, 0 words, 0 chars, max 0 chars per line, 1 page
    header2: 0 lines, 0 words, 0 chars, max 0 chars per line
    body:   1176 lines, 5725 words, 39552 chars, max 140 chars per line
    total:  1176 lines, 5725 words, 39552 chars, max 140 chars per line
┌────────────────────────────┐
│ Edit - 2024-03-07 19:08:40 │
└────────────────────────────┘
Non-default arguments:
Before:
    header1: 0 lines, 0 words, 0 chars, max 0 chars per line, 1 page
    header2: 0 lines, 0 words, 0 chars, max 0 chars per line
    body:   1176 lines, 5725 words, 39552 chars, max 140 chars per line
    total:  1176 lines, 5725 words, 39552 chars, max 140 chars per line
Backup:
    '/home/xxxx/Documents/pypi/yawp/yawp/__init__.py' →
    '/home/xxxx/Documents/pypi/yawp/yawp/.yawp.__init__.py.2024.03.07-19.50.50.back'
After:
    header1: 0 lines, 0 words, 0 chars, max 0 chars per line, 1 page
    header2: 0 lines, 0 words, 0 chars, max 0 chars per line
    body:   1176 lines, 5740 words, 39642 chars, max 140 chars per line
    total:  1176 lines, 5740 words, 39642 chars, max 140 chars per line
